<?xml version="1.0" encoding="UTF-8"?>
<!-- Generated by org.testng.reporters.JUnitReportReporter -->
<testsuite skipped="0" hostname="admin-PC" name="com.acttime.customerTest.CustomerTest" tests="2" failures="0" timestamp="12 Jul 2019 15:14:53 GMT" time="10.198" errors="0">
  <testcase name="createCustomer" time="5.393" classname="com.acttime.customerTest.CustomerTest"/>
  <testcase name="createCustomerWithDEscription" time="4.805" classname="com.acttime.customerTest.CustomerTest"/>
</testsuite> <!-- com.acttime.customerTest.CustomerTest -->
