<?xml version="1.0" encoding="UTF-8"?>
<!-- Generated by org.testng.reporters.JUnitReportReporter -->
<testsuite skipped="0" hostname="admin-PC" name="com.acttime.projectTest.PRojectTest" tests="1" failures="0" timestamp="07 Jul 2019 06:48:04 GMT" time="3.027" errors="0">
  <testcase name="modifyPrjoectTest" time="3.027" classname="com.acttime.projectTest.PRojectTest"/>
</testsuite> <!-- com.acttime.projectTest.PRojectTest -->
