<?xml version="1.0" encoding="UTF-8"?>
<!-- Generated by org.testng.reporters.JUnitReportReporter -->
<testsuite skipped="0" hostname="admin-PC" name="com.acttime.usertest.USerTest" tests="2" failures="0" timestamp="12 Jul 2019 04:03:18 GMT" time="6.131" errors="0">
  <testcase name="modifyUSerTest" time="2.944" classname="com.acttime.usertest.USerTest"/>
  <testcase name="createUSerTest" time="3.187" classname="com.acttime.usertest.USerTest"/>
</testsuite> <!-- com.acttime.usertest.USerTest -->
