<?xml version="1.0" encoding="UTF-8"?>
<!-- Generated by org.testng.reporters.JUnitReportReporter -->
<testsuite skipped="0" hostname="admin-PC" name="pac.AddToCart" tests="5" failures="0" timestamp="13 Jul 2019 04:43:21 GMT" time="0.021" errors="0">
  <testcase name="addCart" time="0.012" classname="pac.AddToCart"/>
  <testcase name="addCart" time="0.003" classname="pac.AddToCart"/>
  <testcase name="addCart" time="0.001" classname="pac.AddToCart"/>
  <testcase name="addCart" time="0.003" classname="pac.AddToCart"/>
  <testcase name="addCart" time="0.002" classname="pac.AddToCart"/>
</testsuite> <!-- pac.AddToCart -->
